<?xml version="1.0" encoding="UTF-8"?>
<robot generator="Robot 7.0 (Python 3.12.2 on win32)" generated="2024-04-16T16:04:13.419818" rpa="false" schemaversion="5">
<suite id="s1" name="ComputersDatabase" source="C:\Robot_Learning\ComputersDatabase\Tests\ComputersDatabase.robot">
<test id="s1-t1" name="First Name Should be ACE" line="31">
<kw name="Begin Web Test" owner="ComputersDatabaseWeb" type="SETUP">
<kw name="Should Be True" owner="BuiltIn">
<arg>'${browser}' in ['chrome', 'firefox', 'edge']</arg>
<doc>Fails if the given condition is not true.</doc>
<status status="PASS" start="2024-04-16T16:04:13.788936" elapsed="0.000000"/>
</kw>
<kw name="Set Variable If" owner="BuiltIn">
<msg time="2024-04-16T16:04:13.788936" level="INFO">${option} = add_experimental_option("excludeSwitches", ["enable-logging"])</msg>
<var>${option}</var>
<arg>'${browser}' in ['chrome', 'edge']</arg>
<arg>add_experimental_option("excludeSwitches", ["enable-logging"])</arg>
<arg>${None}</arg>
<doc>Sets variable based on the given condition.</doc>
<status status="PASS" start="2024-04-16T16:04:13.788936" elapsed="0.000000"/>
</kw>
<kw name="Open Browser" owner="SeleniumLibrary">
<msg time="2024-04-16T16:04:13.804620" level="INFO">Opening browser 'chrome' to base url 'https://computer-database.gatling.io/computers/'.</msg>
<msg time="2024-04-16T16:04:13.804620" level="INFO">Browser driver log file created to: C:\Robot_Learning\ComputersDatabase\Results\chrome\nul</msg>
<msg time="2024-04-16T16:04:14.622183" level="WARN">There was an error managing chromedriver (error sending request for url (https://googlechromelabs.github.io/chrome-for-testing/known-good-versions-with-downloads.json): error trying to connect: dns error: Host desconocido. (os error 11001)); using driver found in the cache</msg>
<msg time="2024-04-16T16:04:14.637755" level="WARN">Error sending stats to Plausible: error sending request for url (https://plausible.io/api/event): error trying to connect: dns error: Host desconocido. (os error 11001)</msg>
<msg time="2024-04-16T16:04:17.184568" level="INFO" html="true">&lt;/td&gt;&lt;/tr&gt;&lt;tr&gt;&lt;td colspan="3"&gt;&lt;a href="../../Failure%20Screenshots/selenium-screenshot-1.png"&gt;&lt;img src="../../Failure%20Screenshots/selenium-screenshot-1.png" width="800px"&gt;&lt;/a&gt;</msg>
<msg time="2024-04-16T16:04:17.184568" level="FAIL">WebDriverException: Message: unknown error: net::ERR_INTERNET_DISCONNECTED
  (Session info: chrome=123.0.6312.123)
Stacktrace:
	GetHandleVerifier [0x00007FF66B1970C2+63090]
	(No symbol) [0x00007FF66B102D12]
	(No symbol) [0x00007FF66AF9EC65]
	(No symbol) [0x00007FF66AF9AC1A]
	(No symbol) [0x00007FF66AF8D514]
	(No symbol) [0x00007FF66AF8E8F8]
	(No symbol) [0x00007FF66AF8D7FF]
	(No symbol) [0x00007FF66AF8D104]
	(No symbol) [0x00007FF66AF8D021]
	(No symbol) [0x00007FF66AF8B0A8]
	(No symbol) [0x00007FF66AF8B8BC]
	(No symbol) [0x00007FF66AFA14AD]
	(No symbol) [0x00007FF66B023D67]
	(No symbol) [0x00007FF66B006FDA]
	(No symbol) [0x00007FF66B023412]
	(No symbol) [0x00007FF66B006D83]
	(No symbol) [0x00007FF66AFD83A8]
	(No symbol) [0x00007FF66AFD9441]
	GetHandleVerifier [0x00007FF66B59262D+4238301]
	GetHandleVerifier [0x00007FF66B5CF78D+4488509]
	GetHandleVerifier [0x00007FF66B5C7A6F+4456479]
	GetHandleVerifier [0x00007FF66B270606+953270]
	(No symbol) [0x00007FF66B10E5DF]
	(No symbol) [0x00007FF66B1092B4]
	(No symbol) [0x00007FF66B1093EB]
	(No symbol) [0x00007FF66B0F9C24]
	BaseThreadInitThunk [0x00007FFA7A287344+20]
	RtlUserThreadStart [0x00007FFA7BEE26B1+33]
</msg>
<arg>${WEB_URL}</arg>
<arg>${browser}</arg>
<arg>options=${option}</arg>
<arg>service_log_path=${{os.path.devnull}}</arg>
<doc>Opens a new browser instance to the optional ``url``.</doc>
<status status="FAIL" start="2024-04-16T16:04:13.788936" elapsed="3.412933">WebDriverException: Message: unknown error: net::ERR_INTERNET_DISCONNECTED
  (Session info: chrome=123.0.6312.123)
Stacktrace:
	GetHandleVerifier [0x00007FF66B1970C2+63090]
	(No symbol) [0x00007FF66B102D12]
	(No symbol) [0x00007FF66AF9EC65]
	(No symbol) [0x00007FF66AF9AC1A]
	(No symbol) [0x00007FF66AF8D514]
	(No symbol) [0x00007FF66AF8E8F8]
	(No symbol) [0x00007FF66AF8D7FF]
	(No symbol) [0x00007FF66AF8D104]
	(No symbol) [0x00007FF66AF8D021]
	(No symbol) [0x00007FF66AF8B0A8]
	(No symbol) [0x00007FF66AF8B8BC]
	(No symbol) [0x00007FF66AFA14AD]
	(No symbol) [0x00007FF66B023D67]
	(No symbol) [0x00007FF66B006FDA]
	(No symbol) [0x00007FF66B023412]
	(No symbol) [0x00007FF66B006D83]
	(No symbol) [0x00007FF66AFD83A8]
	(No symbol) [0x00007FF66AFD9441]
	GetHandleVerifier [0x00007FF66B59262D+4238301]
	GetHandleVerifier [0x00007FF66B5CF78D+4488509]
	GetHandleVerifier [0x00007FF66B5C7A6F+4456479]
	GetHandleVerifier [0x00007FF66B270606+953270]
	(No symbol) [0x00007FF66B10E5DF]
	(No symbol) [0x00007FF66B1092B4]
	(No symbol) [0x00007FF66B1093EB]
	(No symbol) [0x00007FF66B0F9C24]
	BaseThreadInitThunk [0x00007FFA7A287344+20]
	RtlUserThreadStart [0x00007FFA7BEE26B1+33]
</status>
</kw>
<kw name="Title Should Be" owner="SeleniumLibrary">
<arg>${WEB_TITLE}</arg>
<doc>Verifies that the current page title equals ``title``.</doc>
<status status="NOT RUN" start="2024-04-16T16:04:17.201869" elapsed="0.000000"/>
</kw>
<kw name="Maximize Browser Window" owner="SeleniumLibrary">
<doc>Maximizes current browser window.</doc>
<status status="NOT RUN" start="2024-04-16T16:04:17.201869" elapsed="0.000000"/>
</kw>
<arg>${WEB_BROWSER}</arg>
<doc>Prepara el navegador recibido por argumento para los
tests. Concretamente, se comprueba la validez del argumento, se
preparan las opciones pertinentes, se abre el navegador a la URL,
se comprueba el titulo y se maximiza la ventana</doc>
<status status="FAIL" start="2024-04-16T16:04:13.788936" elapsed="3.412933">WebDriverException: Message: unknown error: net::ERR_INTERNET_DISCONNECTED
  (Session info: chrome=123.0.6312.123)
Stacktrace:
	GetHandleVerifier [0x00007FF66B1970C2+63090]
	(No symbol) [0x00007FF66B102D12]
	(No symbol) [0x00007FF66AF9EC65]
	(No symbol) [0x00007FF66AF9AC1A]
	(No symbol) [0x00007FF66AF8D514]
	(No symbol) [0x00007FF66AF8E8F8]
	(No symbol) [0x00007FF66AF8D7FF]
	(No symbol) [0x00007FF66AF8D104]
	(No symbol) [0x00007FF66AF8D021]
	(No symbol) [0x00007FF66AF8B0A8]
	(No symbol) [0x00007FF66AF8B8BC]
	(No symbol) [0x00007FF66AFA14AD]
	(No symbol) [0x00007FF66B023D67]
	(No symbol) [0x00007FF66B006FDA]
	(No symbol) [0x00007FF66B023412]
	(No symbol) [0x00007FF66B006D83]
	(No symbol) [0x00007FF66AFD83A8]
	(No symbol) [0x00007FF66AFD9441]
	GetHandleVerifier [0x00007FF66B59262D+4238301]
	GetHandleVerifier [0x00007FF66B5CF78D+4488509]
	GetHandleVerifier [0x00007FF66B5C7A6F+4456479]
	GetHandleVerifier [0x00007FF66B270606+953270]
	(No symbol) [0x00007FF66B10E5DF]
	(No symbol) [0x00007FF66B1092B4]
	(No symbol) [0x00007FF66B1093EB]
	(No symbol) [0x00007FF66B0F9C24]
	BaseThreadInitThunk [0x00007FFA7A287344+20]
	RtlUserThreadStart [0x00007FFA7BEE26B1+33]
</status>
</kw>
<kw name="Close All Browsers" owner="SeleniumLibrary" type="TEARDOWN">
<doc>Closes all open browsers and resets the browser cache.</doc>
<status status="PASS" start="2024-04-16T16:04:17.201869" elapsed="2.337906"/>
</kw>
<doc>Cargar la página y verificar que el primer valor del
campo _Computer name_ de la lista es ACE</doc>
<tag>1</tag>
<status status="FAIL" start="2024-04-16T16:04:13.788936" elapsed="5.750839">Setup failed:
WebDriverException: Message: unknown error: net::ERR_INTERNET_DISCONNECTED
  (Session info: chrome=123.0.6312.123)
Stacktrace:
	GetHandleVerifier [0x00007FF66B1970C2+63090]
	(No symbol) [0x00007FF66B102D12]
	(No symbol) [0x00007FF66AF9EC65]
	(No symbol) [0x00007FF66AF9AC1A]
	(No symbol) [0x00007FF66AF8D514]
	(No symbol) [0x00007FF66AF8E8F8]
	(No symbol) [0x00007FF66AF8D7FF]
	(No symbol) [0x00007FF66AF8D104]
	(No symbol) [0x00007FF66AF8D021]
	(No symbol) [0x00007FF66AF8B0A8]
	(No symbol) [0x00007FF66AF8B8BC]
	(No symbol) [0x00007FF66AFA14AD]
	(No symbol) [0x00007FF66B023D67]
	(No symbol) [0x00007FF66B006FDA]
	(No symbol) [0x00007FF66B023412]
	(No symbol) [0x00007FF66B006D83]
	(No symbol) [0x00007FF66AFD83A8]
	(No symbol) [0x00007FF66AFD9441]
	GetHandleVerifier [0x00007FF66B59262D+4238301]
	GetHandleVerifier [0x00007FF66B5CF78D+4488509]
	GetHandleVerifier [0x00007FF66B5C7A6F+4456479]
	GetHandleVerifier [0x00007FF66B270606+953270]
	(No symbol) [0x00007FF66B10E5DF]
	(No symbol) [0x00007FF66B1092B4]
	(No symbol) [0x00007FF66B1093EB]
	(No symbol) [0x00007FF66B0F9C24]
	BaseThreadInitThunk [0x00007FFA7A287344+20]
	RtlUserThreadStart [0x00007FFA7BEE26B1+33]
</status>
</test>
<test id="s1-t2" name="Next Page Has Specific First Row Values" line="37">
<kw name="Begin Web Test" owner="ComputersDatabaseWeb" type="SETUP">
<kw name="Should Be True" owner="BuiltIn">
<arg>'${browser}' in ['chrome', 'firefox', 'edge']</arg>
<doc>Fails if the given condition is not true.</doc>
<status status="PASS" start="2024-04-16T16:04:19.571052" elapsed="0.000000"/>
</kw>
<kw name="Set Variable If" owner="BuiltIn">
<msg time="2024-04-16T16:04:19.571052" level="INFO">${option} = add_experimental_option("excludeSwitches", ["enable-logging"])</msg>
<var>${option}</var>
<arg>'${browser}' in ['chrome', 'edge']</arg>
<arg>add_experimental_option("excludeSwitches", ["enable-logging"])</arg>
<arg>${None}</arg>
<doc>Sets variable based on the given condition.</doc>
<status status="PASS" start="2024-04-16T16:04:19.571052" elapsed="0.000000"/>
</kw>
<kw name="Open Browser" owner="SeleniumLibrary">
<msg time="2024-04-16T16:04:19.571052" level="INFO">Opening browser 'chrome' to base url 'https://computer-database.gatling.io/computers/'.</msg>
<msg time="2024-04-16T16:04:19.571052" level="INFO">Browser driver log file created to: C:\Robot_Learning\ComputersDatabase\Results\chrome\nul</msg>
<msg time="2024-04-16T16:04:20.246312" level="WARN">There was an error managing chromedriver (error sending request for url (https://googlechromelabs.github.io/chrome-for-testing/known-good-versions-with-downloads.json): error trying to connect: dns error: Host desconocido. (os error 11001)); using driver found in the cache</msg>
<msg time="2024-04-16T16:04:22.212895" level="INFO" html="true">&lt;/td&gt;&lt;/tr&gt;&lt;tr&gt;&lt;td colspan="3"&gt;&lt;a href="../../Failure%20Screenshots/selenium-screenshot-2.png"&gt;&lt;img src="../../Failure%20Screenshots/selenium-screenshot-2.png" width="800px"&gt;&lt;/a&gt;</msg>
<msg time="2024-04-16T16:04:22.212895" level="FAIL">WebDriverException: Message: unknown error: net::ERR_INTERNET_DISCONNECTED
  (Session info: chrome=123.0.6312.123)
Stacktrace:
	GetHandleVerifier [0x00007FF66B1970C2+63090]
	(No symbol) [0x00007FF66B102D12]
	(No symbol) [0x00007FF66AF9EC65]
	(No symbol) [0x00007FF66AF9AC1A]
	(No symbol) [0x00007FF66AF8D514]
	(No symbol) [0x00007FF66AF8E8F8]
	(No symbol) [0x00007FF66AF8D7FF]
	(No symbol) [0x00007FF66AF8D104]
	(No symbol) [0x00007FF66AF8D021]
	(No symbol) [0x00007FF66AF8B0A8]
	(No symbol) [0x00007FF66AF8B8BC]
	(No symbol) [0x00007FF66AFA14AD]
	(No symbol) [0x00007FF66B023D67]
	(No symbol) [0x00007FF66B006FDA]
	(No symbol) [0x00007FF66B023412]
	(No symbol) [0x00007FF66B006D83]
	(No symbol) [0x00007FF66AFD83A8]
	(No symbol) [0x00007FF66AFD9441]
	GetHandleVerifier [0x00007FF66B59262D+4238301]
	GetHandleVerifier [0x00007FF66B5CF78D+4488509]
	GetHandleVerifier [0x00007FF66B5C7A6F+4456479]
	GetHandleVerifier [0x00007FF66B270606+953270]
	(No symbol) [0x00007FF66B10E5DF]
	(No symbol) [0x00007FF66B1092B4]
	(No symbol) [0x00007FF66B1093EB]
	(No symbol) [0x00007FF66B0F9C24]
	BaseThreadInitThunk [0x00007FFA7A287344+20]
	RtlUserThreadStart [0x00007FFA7BEE26B1+33]
</msg>
<arg>${WEB_URL}</arg>
<arg>${browser}</arg>
<arg>options=${option}</arg>
<arg>service_log_path=${{os.path.devnull}}</arg>
<doc>Opens a new browser instance to the optional ``url``.</doc>
<status status="FAIL" start="2024-04-16T16:04:19.571052" elapsed="2.641843">WebDriverException: Message: unknown error: net::ERR_INTERNET_DISCONNECTED
  (Session info: chrome=123.0.6312.123)
Stacktrace:
	GetHandleVerifier [0x00007FF66B1970C2+63090]
	(No symbol) [0x00007FF66B102D12]
	(No symbol) [0x00007FF66AF9EC65]
	(No symbol) [0x00007FF66AF9AC1A]
	(No symbol) [0x00007FF66AF8D514]
	(No symbol) [0x00007FF66AF8E8F8]
	(No symbol) [0x00007FF66AF8D7FF]
	(No symbol) [0x00007FF66AF8D104]
	(No symbol) [0x00007FF66AF8D021]
	(No symbol) [0x00007FF66AF8B0A8]
	(No symbol) [0x00007FF66AF8B8BC]
	(No symbol) [0x00007FF66AFA14AD]
	(No symbol) [0x00007FF66B023D67]
	(No symbol) [0x00007FF66B006FDA]
	(No symbol) [0x00007FF66B023412]
	(No symbol) [0x00007FF66B006D83]
	(No symbol) [0x00007FF66AFD83A8]
	(No symbol) [0x00007FF66AFD9441]
	GetHandleVerifier [0x00007FF66B59262D+4238301]
	GetHandleVerifier [0x00007FF66B5CF78D+4488509]
	GetHandleVerifier [0x00007FF66B5C7A6F+4456479]
	GetHandleVerifier [0x00007FF66B270606+953270]
	(No symbol) [0x00007FF66B10E5DF]
	(No symbol) [0x00007FF66B1092B4]
	(No symbol) [0x00007FF66B1093EB]
	(No symbol) [0x00007FF66B0F9C24]
	BaseThreadInitThunk [0x00007FFA7A287344+20]
	RtlUserThreadStart [0x00007FFA7BEE26B1+33]
</status>
</kw>
<kw name="Title Should Be" owner="SeleniumLibrary">
<arg>${WEB_TITLE}</arg>
<doc>Verifies that the current page title equals ``title``.</doc>
<status status="NOT RUN" start="2024-04-16T16:04:22.212895" elapsed="0.000000"/>
</kw>
<kw name="Maximize Browser Window" owner="SeleniumLibrary">
<doc>Maximizes current browser window.</doc>
<status status="NOT RUN" start="2024-04-16T16:04:22.212895" elapsed="0.000000"/>
</kw>
<arg>${WEB_BROWSER}</arg>
<doc>Prepara el navegador recibido por argumento para los
tests. Concretamente, se comprueba la validez del argumento, se
preparan las opciones pertinentes, se abre el navegador a la URL,
se comprueba el titulo y se maximiza la ventana</doc>
<status status="FAIL" start="2024-04-16T16:04:19.555466" elapsed="2.657429">WebDriverException: Message: unknown error: net::ERR_INTERNET_DISCONNECTED
  (Session info: chrome=123.0.6312.123)
Stacktrace:
	GetHandleVerifier [0x00007FF66B1970C2+63090]
	(No symbol) [0x00007FF66B102D12]
	(No symbol) [0x00007FF66AF9EC65]
	(No symbol) [0x00007FF66AF9AC1A]
	(No symbol) [0x00007FF66AF8D514]
	(No symbol) [0x00007FF66AF8E8F8]
	(No symbol) [0x00007FF66AF8D7FF]
	(No symbol) [0x00007FF66AF8D104]
	(No symbol) [0x00007FF66AF8D021]
	(No symbol) [0x00007FF66AF8B0A8]
	(No symbol) [0x00007FF66AF8B8BC]
	(No symbol) [0x00007FF66AFA14AD]
	(No symbol) [0x00007FF66B023D67]
	(No symbol) [0x00007FF66B006FDA]
	(No symbol) [0x00007FF66B023412]
	(No symbol) [0x00007FF66B006D83]
	(No symbol) [0x00007FF66AFD83A8]
	(No symbol) [0x00007FF66AFD9441]
	GetHandleVerifier [0x00007FF66B59262D+4238301]
	GetHandleVerifier [0x00007FF66B5CF78D+4488509]
	GetHandleVerifier [0x00007FF66B5C7A6F+4456479]
	GetHandleVerifier [0x00007FF66B270606+953270]
	(No symbol) [0x00007FF66B10E5DF]
	(No symbol) [0x00007FF66B1092B4]
	(No symbol) [0x00007FF66B1093EB]
	(No symbol) [0x00007FF66B0F9C24]
	BaseThreadInitThunk [0x00007FFA7A287344+20]
	RtlUserThreadStart [0x00007FFA7BEE26B1+33]
</status>
</kw>
<kw name="Close All Browsers" owner="SeleniumLibrary" type="TEARDOWN">
<doc>Closes all open browsers and resets the browser cache.</doc>
<status status="PASS" start="2024-04-16T16:04:22.212895" elapsed="2.260085"/>
</kw>
<doc>Cargar la página, darle a Next, para ir a la página 2 y
verificar que el primer valor del campo _Computer Name_ de la lista
es ASCI White, _Introduced_=01/01/2001, _Discontinued_=01/01/2006 y
_Company_=IBM</doc>
<tag>2</tag>
<status status="FAIL" start="2024-04-16T16:04:19.555466" elapsed="4.917514">Setup failed:
WebDriverException: Message: unknown error: net::ERR_INTERNET_DISCONNECTED
  (Session info: chrome=123.0.6312.123)
Stacktrace:
	GetHandleVerifier [0x00007FF66B1970C2+63090]
	(No symbol) [0x00007FF66B102D12]
	(No symbol) [0x00007FF66AF9EC65]
	(No symbol) [0x00007FF66AF9AC1A]
	(No symbol) [0x00007FF66AF8D514]
	(No symbol) [0x00007FF66AF8E8F8]
	(No symbol) [0x00007FF66AF8D7FF]
	(No symbol) [0x00007FF66AF8D104]
	(No symbol) [0x00007FF66AF8D021]
	(No symbol) [0x00007FF66AF8B0A8]
	(No symbol) [0x00007FF66AF8B8BC]
	(No symbol) [0x00007FF66AFA14AD]
	(No symbol) [0x00007FF66B023D67]
	(No symbol) [0x00007FF66B006FDA]
	(No symbol) [0x00007FF66B023412]
	(No symbol) [0x00007FF66B006D83]
	(No symbol) [0x00007FF66AFD83A8]
	(No symbol) [0x00007FF66AFD9441]
	GetHandleVerifier [0x00007FF66B59262D+4238301]
	GetHandleVerifier [0x00007FF66B5CF78D+4488509]
	GetHandleVerifier [0x00007FF66B5C7A6F+4456479]
	GetHandleVerifier [0x00007FF66B270606+953270]
	(No symbol) [0x00007FF66B10E5DF]
	(No symbol) [0x00007FF66B1092B4]
	(No symbol) [0x00007FF66B1093EB]
	(No symbol) [0x00007FF66B0F9C24]
	BaseThreadInitThunk [0x00007FFA7A287344+20]
	RtlUserThreadStart [0x00007FFA7BEE26B1+33]
</status>
</test>
<test id="s1-t3" name="Filter By Name &quot;ASCI&quot; Should Show 6 Results" line="49">
<kw name="Begin Web Test" owner="ComputersDatabaseWeb" type="SETUP">
<kw name="Should Be True" owner="BuiltIn">
<arg>'${browser}' in ['chrome', 'firefox', 'edge']</arg>
<doc>Fails if the given condition is not true.</doc>
<status status="PASS" start="2024-04-16T16:04:24.472980" elapsed="0.000000"/>
</kw>
<kw name="Set Variable If" owner="BuiltIn">
<msg time="2024-04-16T16:04:24.472980" level="INFO">${option} = add_experimental_option("excludeSwitches", ["enable-logging"])</msg>
<var>${option}</var>
<arg>'${browser}' in ['chrome', 'edge']</arg>
<arg>add_experimental_option("excludeSwitches", ["enable-logging"])</arg>
<arg>${None}</arg>
<doc>Sets variable based on the given condition.</doc>
<status status="PASS" start="2024-04-16T16:04:24.472980" elapsed="0.000000"/>
</kw>
<kw name="Open Browser" owner="SeleniumLibrary">
<msg time="2024-04-16T16:04:24.472980" level="INFO">Opening browser 'chrome' to base url 'https://computer-database.gatling.io/computers/'.</msg>
<msg time="2024-04-16T16:04:24.472980" level="INFO">Browser driver log file created to: C:\Robot_Learning\ComputersDatabase\Results\chrome\nul</msg>
<msg time="2024-04-16T16:04:25.204059" level="WARN">There was an error managing chromedriver (error sending request for url (https://googlechromelabs.github.io/chrome-for-testing/known-good-versions-with-downloads.json): error trying to connect: dns error: Host desconocido. (os error 11001)); using driver found in the cache</msg>
<msg time="2024-04-16T16:04:27.162599" level="INFO" html="true">&lt;/td&gt;&lt;/tr&gt;&lt;tr&gt;&lt;td colspan="3"&gt;&lt;a href="../../Failure%20Screenshots/selenium-screenshot-3.png"&gt;&lt;img src="../../Failure%20Screenshots/selenium-screenshot-3.png" width="800px"&gt;&lt;/a&gt;</msg>
<msg time="2024-04-16T16:04:27.162599" level="FAIL">WebDriverException: Message: unknown error: net::ERR_INTERNET_DISCONNECTED
  (Session info: chrome=123.0.6312.123)
Stacktrace:
	GetHandleVerifier [0x00007FF66B1970C2+63090]
	(No symbol) [0x00007FF66B102D12]
	(No symbol) [0x00007FF66AF9EC65]
	(No symbol) [0x00007FF66AF9AC1A]
	(No symbol) [0x00007FF66AF8D514]
	(No symbol) [0x00007FF66AF8E8F8]
	(No symbol) [0x00007FF66AF8D7FF]
	(No symbol) [0x00007FF66AF8D104]
	(No symbol) [0x00007FF66AF8D021]
	(No symbol) [0x00007FF66AF8B0A8]
	(No symbol) [0x00007FF66AF8B8BC]
	(No symbol) [0x00007FF66AFA14AD]
	(No symbol) [0x00007FF66B023D67]
	(No symbol) [0x00007FF66B006FDA]
	(No symbol) [0x00007FF66B023412]
	(No symbol) [0x00007FF66B006D83]
	(No symbol) [0x00007FF66AFD83A8]
	(No symbol) [0x00007FF66AFD9441]
	GetHandleVerifier [0x00007FF66B59262D+4238301]
	GetHandleVerifier [0x00007FF66B5CF78D+4488509]
	GetHandleVerifier [0x00007FF66B5C7A6F+4456479]
	GetHandleVerifier [0x00007FF66B270606+953270]
	(No symbol) [0x00007FF66B10E5DF]
	(No symbol) [0x00007FF66B1092B4]
	(No symbol) [0x00007FF66B1093EB]
	(No symbol) [0x00007FF66B0F9C24]
	BaseThreadInitThunk [0x00007FFA7A287344+20]
	RtlUserThreadStart [0x00007FFA7BEE26B1+33]
</msg>
<arg>${WEB_URL}</arg>
<arg>${browser}</arg>
<arg>options=${option}</arg>
<arg>service_log_path=${{os.path.devnull}}</arg>
<doc>Opens a new browser instance to the optional ``url``.</doc>
<status status="FAIL" start="2024-04-16T16:04:24.472980" elapsed="2.689619">WebDriverException: Message: unknown error: net::ERR_INTERNET_DISCONNECTED
  (Session info: chrome=123.0.6312.123)
Stacktrace:
	GetHandleVerifier [0x00007FF66B1970C2+63090]
	(No symbol) [0x00007FF66B102D12]
	(No symbol) [0x00007FF66AF9EC65]
	(No symbol) [0x00007FF66AF9AC1A]
	(No symbol) [0x00007FF66AF8D514]
	(No symbol) [0x00007FF66AF8E8F8]
	(No symbol) [0x00007FF66AF8D7FF]
	(No symbol) [0x00007FF66AF8D104]
	(No symbol) [0x00007FF66AF8D021]
	(No symbol) [0x00007FF66AF8B0A8]
	(No symbol) [0x00007FF66AF8B8BC]
	(No symbol) [0x00007FF66AFA14AD]
	(No symbol) [0x00007FF66B023D67]
	(No symbol) [0x00007FF66B006FDA]
	(No symbol) [0x00007FF66B023412]
	(No symbol) [0x00007FF66B006D83]
	(No symbol) [0x00007FF66AFD83A8]
	(No symbol) [0x00007FF66AFD9441]
	GetHandleVerifier [0x00007FF66B59262D+4238301]
	GetHandleVerifier [0x00007FF66B5CF78D+4488509]
	GetHandleVerifier [0x00007FF66B5C7A6F+4456479]
	GetHandleVerifier [0x00007FF66B270606+953270]
	(No symbol) [0x00007FF66B10E5DF]
	(No symbol) [0x00007FF66B1092B4]
	(No symbol) [0x00007FF66B1093EB]
	(No symbol) [0x00007FF66B0F9C24]
	BaseThreadInitThunk [0x00007FFA7A287344+20]
	RtlUserThreadStart [0x00007FFA7BEE26B1+33]
</status>
</kw>
<kw name="Title Should Be" owner="SeleniumLibrary">
<arg>${WEB_TITLE}</arg>
<doc>Verifies that the current page title equals ``title``.</doc>
<status status="NOT RUN" start="2024-04-16T16:04:27.162599" elapsed="0.000000"/>
</kw>
<kw name="Maximize Browser Window" owner="SeleniumLibrary">
<doc>Maximizes current browser window.</doc>
<status status="NOT RUN" start="2024-04-16T16:04:27.162599" elapsed="0.000000"/>
</kw>
<arg>${WEB_BROWSER}</arg>
<doc>Prepara el navegador recibido por argumento para los
tests. Concretamente, se comprueba la validez del argumento, se
preparan las opciones pertinentes, se abre el navegador a la URL,
se comprueba el titulo y se maximiza la ventana</doc>
<status status="FAIL" start="2024-04-16T16:04:24.472980" elapsed="2.689619">WebDriverException: Message: unknown error: net::ERR_INTERNET_DISCONNECTED
  (Session info: chrome=123.0.6312.123)
Stacktrace:
	GetHandleVerifier [0x00007FF66B1970C2+63090]
	(No symbol) [0x00007FF66B102D12]
	(No symbol) [0x00007FF66AF9EC65]
	(No symbol) [0x00007FF66AF9AC1A]
	(No symbol) [0x00007FF66AF8D514]
	(No symbol) [0x00007FF66AF8E8F8]
	(No symbol) [0x00007FF66AF8D7FF]
	(No symbol) [0x00007FF66AF8D104]
	(No symbol) [0x00007FF66AF8D021]
	(No symbol) [0x00007FF66AF8B0A8]
	(No symbol) [0x00007FF66AF8B8BC]
	(No symbol) [0x00007FF66AFA14AD]
	(No symbol) [0x00007FF66B023D67]
	(No symbol) [0x00007FF66B006FDA]
	(No symbol) [0x00007FF66B023412]
	(No symbol) [0x00007FF66B006D83]
	(No symbol) [0x00007FF66AFD83A8]
	(No symbol) [0x00007FF66AFD9441]
	GetHandleVerifier [0x00007FF66B59262D+4238301]
	GetHandleVerifier [0x00007FF66B5CF78D+4488509]
	GetHandleVerifier [0x00007FF66B5C7A6F+4456479]
	GetHandleVerifier [0x00007FF66B270606+953270]
	(No symbol) [0x00007FF66B10E5DF]
	(No symbol) [0x00007FF66B1092B4]
	(No symbol) [0x00007FF66B1093EB]
	(No symbol) [0x00007FF66B0F9C24]
	BaseThreadInitThunk [0x00007FFA7A287344+20]
	RtlUserThreadStart [0x00007FFA7BEE26B1+33]
</status>
</kw>
<kw name="Close All Browsers" owner="SeleniumLibrary" type="TEARDOWN">
<doc>Closes all open browsers and resets the browser cache.</doc>
<status status="PASS" start="2024-04-16T16:04:27.162599" elapsed="10.467925"/>
</kw>
<doc>Cargar la página, introducir ASCI en el campo
de filtro y darle al botón _Filter by Name_. Verificar que el
resultado obtenido es 6</doc>
<tag>3</tag>
<status status="FAIL" start="2024-04-16T16:04:24.472980" elapsed="13.157544">Setup failed:
WebDriverException: Message: unknown error: net::ERR_INTERNET_DISCONNECTED
  (Session info: chrome=123.0.6312.123)
Stacktrace:
	GetHandleVerifier [0x00007FF66B1970C2+63090]
	(No symbol) [0x00007FF66B102D12]
	(No symbol) [0x00007FF66AF9EC65]
	(No symbol) [0x00007FF66AF9AC1A]
	(No symbol) [0x00007FF66AF8D514]
	(No symbol) [0x00007FF66AF8E8F8]
	(No symbol) [0x00007FF66AF8D7FF]
	(No symbol) [0x00007FF66AF8D104]
	(No symbol) [0x00007FF66AF8D021]
	(No symbol) [0x00007FF66AF8B0A8]
	(No symbol) [0x00007FF66AF8B8BC]
	(No symbol) [0x00007FF66AFA14AD]
	(No symbol) [0x00007FF66B023D67]
	(No symbol) [0x00007FF66B006FDA]
	(No symbol) [0x00007FF66B023412]
	(No symbol) [0x00007FF66B006D83]
	(No symbol) [0x00007FF66AFD83A8]
	(No symbol) [0x00007FF66AFD9441]
	GetHandleVerifier [0x00007FF66B59262D+4238301]
	GetHandleVerifier [0x00007FF66B5CF78D+4488509]
	GetHandleVerifier [0x00007FF66B5C7A6F+4456479]
	GetHandleVerifier [0x00007FF66B270606+953270]
	(No symbol) [0x00007FF66B10E5DF]
	(No symbol) [0x00007FF66B1092B4]
	(No symbol) [0x00007FF66B1093EB]
	(No symbol) [0x00007FF66B0F9C24]
	BaseThreadInitThunk [0x00007FFA7A287344+20]
	RtlUserThreadStart [0x00007FFA7BEE26B1+33]
</status>
</test>
<test id="s1-t4" name="Create New Computer With Empty Data Should Fail" line="57">
<kw name="Begin Web Test" owner="ComputersDatabaseWeb" type="SETUP">
<kw name="Should Be True" owner="BuiltIn">
<arg>'${browser}' in ['chrome', 'firefox', 'edge']</arg>
<doc>Fails if the given condition is not true.</doc>
<status status="FAIL" start="2024-04-16T16:04:37.630524" elapsed="0.015341">Execution terminated by signal</status>
</kw>
<kw name="Set Variable If" owner="BuiltIn">
<var>${option}</var>
<arg>'${browser}' in ['chrome', 'edge']</arg>
<arg>add_experimental_option("excludeSwitches", ["enable-logging"])</arg>
<arg>${None}</arg>
<doc>Sets variable based on the given condition.</doc>
<status status="NOT RUN" start="2024-04-16T16:04:37.645865" elapsed="0.000000"/>
</kw>
<kw name="Open Browser" owner="SeleniumLibrary">
<arg>${WEB_URL}</arg>
<arg>${browser}</arg>
<arg>options=${option}</arg>
<arg>service_log_path=${{os.path.devnull}}</arg>
<doc>Opens a new browser instance to the optional ``url``.</doc>
<status status="NOT RUN" start="2024-04-16T16:04:37.645865" elapsed="0.000000"/>
</kw>
<kw name="Title Should Be" owner="SeleniumLibrary">
<arg>${WEB_TITLE}</arg>
<doc>Verifies that the current page title equals ``title``.</doc>
<status status="NOT RUN" start="2024-04-16T16:04:37.645865" elapsed="0.000000"/>
</kw>
<kw name="Maximize Browser Window" owner="SeleniumLibrary">
<doc>Maximizes current browser window.</doc>
<status status="NOT RUN" start="2024-04-16T16:04:37.645865" elapsed="0.000000"/>
</kw>
<arg>${WEB_BROWSER}</arg>
<doc>Prepara el navegador recibido por argumento para los
tests. Concretamente, se comprueba la validez del argumento, se
preparan las opciones pertinentes, se abre el navegador a la URL,
se comprueba el titulo y se maximiza la ventana</doc>
<status status="FAIL" start="2024-04-16T16:04:37.630524" elapsed="0.015341">Execution terminated by signal</status>
</kw>
<kw name="Close All Browsers" owner="SeleniumLibrary" type="TEARDOWN">
<doc>Closes all open browsers and resets the browser cache.</doc>
<status status="PASS" start="2024-04-16T16:04:37.645865" elapsed="0.000000"/>
</kw>
<doc>Cargar la página y darle al botón _Add a new computer_.
Darle al botón _Create this computer_. Verificar que sale un mensaje
de error _Failed to refine type : Predicate isEmpty() did not fail_</doc>
<tag>4</tag>
<status status="FAIL" start="2024-04-16T16:04:37.630524" elapsed="0.015341">Setup failed:
Execution terminated by signal</status>
</test>
<test id="s1-t5" name="Create New Computer With Valid Data Should Work" line="66">
<doc>Cargar la página y darle al botón _Add a new computer_.
Completar valores del formulario (nombre, introduced, discontinued,
company). Darle al botón _Create this computer_. Verificar que sale
un mensaje de EXITO _Done ! Computer xxxxx has been created_</doc>
<tag>5</tag>
<tag>robot:exit</tag>
<status status="FAIL" start="2024-04-16T16:04:37.645865" elapsed="0.000000">Test execution stopped due to a fatal error.</status>
</test>
<doc>Ejercicios de automatización de frontal con Robot Framework
- Para probar todos los navegadores, ejecutar ``run-tests.bat``</doc>
<meta name="Author">Alberto Florido</meta>
<status status="FAIL" start="2024-04-16T16:04:13.435435" elapsed="24.226063"/>
</suite>
<statistics>
<total>
<stat pass="0" fail="5" skip="0">All Tests</stat>
</total>
<tag>
<stat pass="0" fail="4" skip="0" info="combined" combined="NOT robot:exit">NOT robot:exit</stat>
<stat pass="0" fail="1" skip="0">1</stat>
<stat pass="0" fail="1" skip="0">2</stat>
<stat pass="0" fail="1" skip="0">3</stat>
<stat pass="0" fail="1" skip="0">4</stat>
<stat pass="0" fail="1" skip="0">5</stat>
</tag>
<suite>
<stat pass="0" fail="5" skip="0" id="s1" name="ComputersDatabase">ComputersDatabase</stat>
</suite>
</statistics>
<errors>
<msg time="2024-04-16T16:04:14.622183" level="WARN">There was an error managing chromedriver (error sending request for url (https://googlechromelabs.github.io/chrome-for-testing/known-good-versions-with-downloads.json): error trying to connect: dns error: Host desconocido. (os error 11001)); using driver found in the cache</msg>
<msg time="2024-04-16T16:04:14.637755" level="WARN">Error sending stats to Plausible: error sending request for url (https://plausible.io/api/event): error trying to connect: dns error: Host desconocido. (os error 11001)</msg>
<msg time="2024-04-16T16:04:20.246312" level="WARN">There was an error managing chromedriver (error sending request for url (https://googlechromelabs.github.io/chrome-for-testing/known-good-versions-with-downloads.json): error trying to connect: dns error: Host desconocido. (os error 11001)); using driver found in the cache</msg>
<msg time="2024-04-16T16:04:25.204059" level="WARN">There was an error managing chromedriver (error sending request for url (https://googlechromelabs.github.io/chrome-for-testing/known-good-versions-with-downloads.json): error trying to connect: dns error: Host desconocido. (os error 11001)); using driver found in the cache</msg>
</errors>
</robot>
