<?xml version="1.0" encoding="UTF-8"?>
<robot generator="Robot 7.0 (Python 3.12.2 on win32)" generated="2024-04-01T10:40:59.212036" rpa="false" schemaversion="5">
<suite id="s1" name="ComputersDatabase" source="C:\Robot_Learning\ComputersDatabase4\Tests\ComputersDatabase.robot">
<test id="s1-t1" name="First Name Should be ACE" line="31">
<kw name="Begin Web Test" owner="ComputersDatabaseWeb" type="SETUP">
<kw name="Should Be True" owner="BuiltIn">
<arg>'${browser}' in ['chrome', 'firefox', 'edge']</arg>
<doc>Fails if the given condition is not true.</doc>
<status status="PASS" start="2024-04-01T10:40:59.361371" elapsed="0.000000"/>
</kw>
<kw name="Set Variable If" owner="BuiltIn">
<msg time="2024-04-01T10:40:59.361371" level="INFO">${option} = add_experimental_option("excludeSwitches", ["enable-logging"])</msg>
<var>${option}</var>
<arg>'${browser}' in ['chrome', 'edge']</arg>
<arg>add_experimental_option("excludeSwitches", ["enable-logging"])</arg>
<arg>${None}</arg>
<doc>Sets variable based on the given condition.</doc>
<status status="PASS" start="2024-04-01T10:40:59.361371" elapsed="0.000000"/>
</kw>
<kw name="Open Browser" owner="SeleniumLibrary">
<msg time="2024-04-01T10:40:59.362407" level="INFO">Opening browser 'edge' to base url 'https://computer-database.gatling.io/computers/'.</msg>
<msg time="2024-04-01T10:40:59.362407" level="INFO">Browser driver log file created to: C:\Robot_Learning\ComputersDatabase4\Results\edge\nul</msg>
<arg>${WEB_URL}</arg>
<arg>${browser}</arg>
<arg>options=${option}</arg>
<arg>service_log_path=${{os.path.devnull}}</arg>
<doc>Opens a new browser instance to the optional ``url``.</doc>
<status status="PASS" start="2024-04-01T10:40:59.361371" elapsed="6.433942"/>
</kw>
<kw name="Title Should Be" owner="SeleniumLibrary">
<msg time="2024-04-01T10:41:05.801301" level="INFO">Page title is 'Computers database'.</msg>
<arg>${WEB_TITLE}</arg>
<doc>Verifies that the current page title equals ``title``.</doc>
<status status="PASS" start="2024-04-01T10:41:05.795313" elapsed="0.005988"/>
</kw>
<kw name="Maximize Browser Window" owner="SeleniumLibrary">
<doc>Maximizes current browser window.</doc>
<status status="PASS" start="2024-04-01T10:41:05.801301" elapsed="0.114610"/>
</kw>
<arg>${WEB_BROWSER}</arg>
<doc>Prepara el navegador recibido por argumento para los
tests. Concretamente, se comprueba la validez del argumento, se
preparan las opciones pertinentes, se abre el navegador a la URL,
se comprueba el titulo y se maximiza la ventana</doc>
<status status="PASS" start="2024-04-01T10:40:59.360331" elapsed="6.556576"/>
</kw>
<kw name="First Result Computer name Should Be ${T1_FIRST_NAME}" owner="Home" source_name="First Result ${column_name} Should Be ${value}">
<variable name="${column_idx}">
<var>${{ ${HOME_COLUMNS}.index('${column_name}') + 1 }}</var>
<status status="PASS" start="2024-04-01T10:41:05.917904" elapsed="0.000000"/>
</variable>
<kw name="Element Text Should Be" owner="SeleniumLibrary">
<msg time="2024-04-01T10:41:05.918901" level="INFO">Verifying element 'xpath://*[@id="main"]/table/tbody/tr[1]/td[1]' contains exact text 'ACE'.</msg>
<arg>${HOME_FIRST_RESULT}/td[${column_idx}]</arg>
<arg>${value}</arg>
<doc>Verifies that element ``locator`` contains exact the text ``expected``.</doc>
<status status="PASS" start="2024-04-01T10:41:05.918901" elapsed="0.026910"/>
</kw>
<status status="PASS" start="2024-04-01T10:41:05.917904" elapsed="0.027907"/>
</kw>
<kw name="Close All Browsers" owner="SeleniumLibrary" type="TEARDOWN">
<doc>Closes all open browsers and resets the browser cache.</doc>
<status status="PASS" start="2024-04-01T10:41:05.946816" elapsed="6.351132"/>
</kw>
<doc>Cargar la página y verificar que el primer valor del
campo _Computer name_ de la lista es ACE</doc>
<tag>1</tag>
<status status="PASS" start="2024-04-01T10:40:59.360331" elapsed="12.940605"/>
</test>
<test id="s1-t2" name="Next Page Has Specific First Row Values" line="37">
<kw name="Begin Web Test" owner="ComputersDatabaseWeb" type="SETUP">
<kw name="Should Be True" owner="BuiltIn">
<arg>'${browser}' in ['chrome', 'firefox', 'edge']</arg>
<doc>Fails if the given condition is not true.</doc>
<status status="PASS" start="2024-04-01T10:41:12.306004" elapsed="0.000995"/>
</kw>
<kw name="Set Variable If" owner="BuiltIn">
<msg time="2024-04-01T10:41:12.306999" level="INFO">${option} = add_experimental_option("excludeSwitches", ["enable-logging"])</msg>
<var>${option}</var>
<arg>'${browser}' in ['chrome', 'edge']</arg>
<arg>add_experimental_option("excludeSwitches", ["enable-logging"])</arg>
<arg>${None}</arg>
<doc>Sets variable based on the given condition.</doc>
<status status="PASS" start="2024-04-01T10:41:12.306999" elapsed="0.000000"/>
</kw>
<kw name="Open Browser" owner="SeleniumLibrary">
<msg time="2024-04-01T10:41:12.308993" level="INFO">Opening browser 'edge' to base url 'https://computer-database.gatling.io/computers/'.</msg>
<msg time="2024-04-01T10:41:12.308993" level="INFO">Browser driver log file created to: C:\Robot_Learning\ComputersDatabase4\Results\edge\nul</msg>
<arg>${WEB_URL}</arg>
<arg>${browser}</arg>
<arg>options=${option}</arg>
<arg>service_log_path=${{os.path.devnull}}</arg>
<doc>Opens a new browser instance to the optional ``url``.</doc>
<status status="PASS" start="2024-04-01T10:41:12.306999" elapsed="1.997756"/>
</kw>
<kw name="Title Should Be" owner="SeleniumLibrary">
<msg time="2024-04-01T10:41:14.313195" level="INFO">Page title is 'Computers database'.</msg>
<arg>${WEB_TITLE}</arg>
<doc>Verifies that the current page title equals ``title``.</doc>
<status status="PASS" start="2024-04-01T10:41:14.304755" elapsed="0.008440"/>
</kw>
<kw name="Maximize Browser Window" owner="SeleniumLibrary">
<doc>Maximizes current browser window.</doc>
<status status="PASS" start="2024-04-01T10:41:14.313195" elapsed="0.125585"/>
</kw>
<arg>${WEB_BROWSER}</arg>
<doc>Prepara el navegador recibido por argumento para los
tests. Concretamente, se comprueba la validez del argumento, se
preparan las opciones pertinentes, se abre el navegador a la URL,
se comprueba el titulo y se maximiza la ventana</doc>
<status status="PASS" start="2024-04-01T10:41:12.305008" elapsed="2.133772"/>
</kw>
<kw name="Go To Next Page" owner="Home">
<kw name="Click Link" owner="SeleniumLibrary">
<msg time="2024-04-01T10:41:14.439777" level="INFO">Clicking link 'xpath://*[@id="pagination"]/ul/li[3]/a'.</msg>
<arg>${HOME_NEXT_PAGE_LINK}</arg>
<doc>Clicks a link identified by ``locator``.</doc>
<status status="PASS" start="2024-04-01T10:41:14.439777" elapsed="0.303143"/>
</kw>
<status status="PASS" start="2024-04-01T10:41:14.439777" elapsed="0.303143"/>
</kw>
<kw name="First Result Computer name Should Be ${T2_NAME}" owner="Home" source_name="First Result ${column_name} Should Be ${value}">
<variable name="${column_idx}">
<var>${{ ${HOME_COLUMNS}.index('${column_name}') + 1 }}</var>
<status status="PASS" start="2024-04-01T10:41:14.744517" elapsed="0.000000"/>
</variable>
<kw name="Element Text Should Be" owner="SeleniumLibrary">
<msg time="2024-04-01T10:41:14.744517" level="INFO">Verifying element 'xpath://*[@id="main"]/table/tbody/tr[1]/td[1]' contains exact text 'ASCI White'.</msg>
<arg>${HOME_FIRST_RESULT}/td[${column_idx}]</arg>
<arg>${value}</arg>
<doc>Verifies that element ``locator`` contains exact the text ``expected``.</doc>
<status status="PASS" start="2024-04-01T10:41:14.744517" elapsed="0.018691"/>
</kw>
<status status="PASS" start="2024-04-01T10:41:14.744517" elapsed="0.018691"/>
</kw>
<kw name="First Result Introduced Should Be ${T2_INTRODUCED}" owner="Home" source_name="First Result ${column_name} Should Be ${value}">
<variable name="${column_idx}">
<var>${{ ${HOME_COLUMNS}.index('${column_name}') + 1 }}</var>
<status status="PASS" start="2024-04-01T10:41:14.764205" elapsed="0.000000"/>
</variable>
<kw name="Element Text Should Be" owner="SeleniumLibrary">
<msg time="2024-04-01T10:41:14.764205" level="INFO">Verifying element 'xpath://*[@id="main"]/table/tbody/tr[1]/td[2]' contains exact text '01 Jan 2001'.</msg>
<arg>${HOME_FIRST_RESULT}/td[${column_idx}]</arg>
<arg>${value}</arg>
<doc>Verifies that element ``locator`` contains exact the text ``expected``.</doc>
<status status="PASS" start="2024-04-01T10:41:14.764205" elapsed="0.010268"/>
</kw>
<status status="PASS" start="2024-04-01T10:41:14.764205" elapsed="0.010268"/>
</kw>
<kw name="First Result Discontinued Should Be ${T2_DISCONTINUED}" owner="Home" source_name="First Result ${column_name} Should Be ${value}">
<variable name="${column_idx}">
<var>${{ ${HOME_COLUMNS}.index('${column_name}') + 1 }}</var>
<status status="PASS" start="2024-04-01T10:41:14.775463" elapsed="0.000000"/>
</variable>
<kw name="Element Text Should Be" owner="SeleniumLibrary">
<msg time="2024-04-01T10:41:14.776470" level="INFO">Verifying element 'xpath://*[@id="main"]/table/tbody/tr[1]/td[3]' contains exact text '01 Jan 2006'.</msg>
<arg>${HOME_FIRST_RESULT}/td[${column_idx}]</arg>
<arg>${value}</arg>
<doc>Verifies that element ``locator`` contains exact the text ``expected``.</doc>
<status status="PASS" start="2024-04-01T10:41:14.775463" elapsed="0.011963"/>
</kw>
<status status="PASS" start="2024-04-01T10:41:14.775463" elapsed="0.011963"/>
</kw>
<kw name="First Result Company Should Be ${T2_COMPANY}" owner="Home" source_name="First Result ${column_name} Should Be ${value}">
<variable name="${column_idx}">
<var>${{ ${HOME_COLUMNS}.index('${column_name}') + 1 }}</var>
<status status="PASS" start="2024-04-01T10:41:14.787426" elapsed="0.001004"/>
</variable>
<kw name="Element Text Should Be" owner="SeleniumLibrary">
<msg time="2024-04-01T10:41:14.788430" level="INFO">Verifying element 'xpath://*[@id="main"]/table/tbody/tr[1]/td[4]' contains exact text 'IBM'.</msg>
<arg>${HOME_FIRST_RESULT}/td[${column_idx}]</arg>
<arg>${value}</arg>
<doc>Verifies that element ``locator`` contains exact the text ``expected``.</doc>
<status status="PASS" start="2024-04-01T10:41:14.788430" elapsed="0.009964"/>
</kw>
<status status="PASS" start="2024-04-01T10:41:14.787426" elapsed="0.010968"/>
</kw>
<kw name="Close All Browsers" owner="SeleniumLibrary" type="TEARDOWN">
<doc>Closes all open browsers and resets the browser cache.</doc>
<status status="PASS" start="2024-04-01T10:41:14.799383" elapsed="6.359066"/>
</kw>
<doc>Cargar la página, darle a Next, para ir a la página 2 y
verificar que el primer valor del campo _Computer Name_ de la lista
es ASCI White, _Introduced_=01/01/2001, _Discontinued_=01/01/2006 y
_Company_=IBM</doc>
<tag>2</tag>
<status status="PASS" start="2024-04-01T10:41:12.304072" elapsed="8.857399"/>
</test>
<test id="s1-t3" name="Filter By Name &quot;ASCI&quot; Should Show 6 Results" line="49">
<kw name="Begin Web Test" owner="ComputersDatabaseWeb" type="SETUP">
<kw name="Should Be True" owner="BuiltIn">
<arg>'${browser}' in ['chrome', 'firefox', 'edge']</arg>
<doc>Fails if the given condition is not true.</doc>
<status status="PASS" start="2024-04-01T10:41:21.166324" elapsed="0.000000"/>
</kw>
<kw name="Set Variable If" owner="BuiltIn">
<msg time="2024-04-01T10:41:21.167320" level="INFO">${option} = add_experimental_option("excludeSwitches", ["enable-logging"])</msg>
<var>${option}</var>
<arg>'${browser}' in ['chrome', 'edge']</arg>
<arg>add_experimental_option("excludeSwitches", ["enable-logging"])</arg>
<arg>${None}</arg>
<doc>Sets variable based on the given condition.</doc>
<status status="PASS" start="2024-04-01T10:41:21.167320" elapsed="0.000000"/>
</kw>
<kw name="Open Browser" owner="SeleniumLibrary">
<msg time="2024-04-01T10:41:21.168317" level="INFO">Opening browser 'edge' to base url 'https://computer-database.gatling.io/computers/'.</msg>
<msg time="2024-04-01T10:41:21.168317" level="INFO">Browser driver log file created to: C:\Robot_Learning\ComputersDatabase4\Results\edge\nul</msg>
<arg>${WEB_URL}</arg>
<arg>${browser}</arg>
<arg>options=${option}</arg>
<arg>service_log_path=${{os.path.devnull}}</arg>
<doc>Opens a new browser instance to the optional ``url``.</doc>
<status status="PASS" start="2024-04-01T10:41:21.167320" elapsed="2.070444"/>
</kw>
<kw name="Title Should Be" owner="SeleniumLibrary">
<msg time="2024-04-01T10:41:23.246733" level="INFO">Page title is 'Computers database'.</msg>
<arg>${WEB_TITLE}</arg>
<doc>Verifies that the current page title equals ``title``.</doc>
<status status="PASS" start="2024-04-01T10:41:23.237764" elapsed="0.008969"/>
</kw>
<kw name="Maximize Browser Window" owner="SeleniumLibrary">
<doc>Maximizes current browser window.</doc>
<status status="PASS" start="2024-04-01T10:41:23.247731" elapsed="0.122762"/>
</kw>
<arg>${WEB_BROWSER}</arg>
<doc>Prepara el navegador recibido por argumento para los
tests. Concretamente, se comprueba la validez del argumento, se
preparan las opciones pertinentes, se abre el navegador a la URL,
se comprueba el titulo y se maximiza la ventana</doc>
<status status="PASS" start="2024-04-01T10:41:21.165328" elapsed="2.205165"/>
</kw>
<kw name="Filter By Name" owner="Home">
<kw name="Input Text" owner="SeleniumLibrary">
<msg time="2024-04-01T10:41:23.371489" level="INFO">Typing text 'ASCI' into text field 'id:searchbox'.</msg>
<arg>${HOME_FILTER_INPUT}</arg>
<arg>${filter_text}</arg>
<doc>Types the given ``text`` into the text field identified by ``locator``.</doc>
<status status="PASS" start="2024-04-01T10:41:23.371489" elapsed="0.097248"/>
</kw>
<kw name="Click Button" owner="SeleniumLibrary">
<msg time="2024-04-01T10:41:23.468737" level="INFO">Clicking button 'id:searchsubmit'.</msg>
<arg>${HOME_FILTER_BUTTON}</arg>
<doc>Clicks the button identified by ``locator``.</doc>
<status status="PASS" start="2024-04-01T10:41:23.468737" elapsed="0.348891"/>
</kw>
<arg>${T3_FILTER_TEXT}</arg>
<status status="PASS" start="2024-04-01T10:41:23.370493" elapsed="0.447135"/>
</kw>
<kw name="There Should Be ${T3_FILTER_EXPECTED_RESULTS} Results" owner="Home" source_name="There Should Be ${results_amount} Results">
<kw name="Element Text Should Be" owner="SeleniumLibrary">
<msg time="2024-04-01T10:41:23.818633" level="INFO">Verifying element 'xpath://*[@id="main"]/h1' contains exact text '6 computers found'.</msg>
<arg>${HOME_RESULTS}</arg>
<arg>${results_amount} computers found</arg>
<doc>Verifies that element ``locator`` contains exact the text ``expected``.</doc>
<status status="PASS" start="2024-04-01T10:41:23.818633" elapsed="0.019042"/>
</kw>
<status status="PASS" start="2024-04-01T10:41:23.818633" elapsed="0.019042"/>
</kw>
<kw name="Close All Browsers" owner="SeleniumLibrary" type="TEARDOWN">
<doc>Closes all open browsers and resets the browser cache.</doc>
<status status="PASS" start="2024-04-01T10:41:23.837675" elapsed="6.328556"/>
</kw>
<doc>Cargar la página, introducir ASCI en el campo
de filtro y darle al botón _Filter by Name_. Verificar que el
resultado obtenido es 6</doc>
<tag>3</tag>
<status status="PASS" start="2024-04-01T10:41:21.164331" elapsed="9.005488"/>
</test>
<test id="s1-t4" name="Create New Computer With Empty Data Should Fail" line="57">
<kw name="Begin Web Test" owner="ComputersDatabaseWeb" type="SETUP">
<kw name="Should Be True" owner="BuiltIn">
<arg>'${browser}' in ['chrome', 'firefox', 'edge']</arg>
<doc>Fails if the given condition is not true.</doc>
<status status="PASS" start="2024-04-01T10:41:30.175536" elapsed="0.000997"/>
</kw>
<kw name="Set Variable If" owner="BuiltIn">
<msg time="2024-04-01T10:41:30.177568" level="INFO">${option} = add_experimental_option("excludeSwitches", ["enable-logging"])</msg>
<var>${option}</var>
<arg>'${browser}' in ['chrome', 'edge']</arg>
<arg>add_experimental_option("excludeSwitches", ["enable-logging"])</arg>
<arg>${None}</arg>
<doc>Sets variable based on the given condition.</doc>
<status status="PASS" start="2024-04-01T10:41:30.176533" elapsed="0.001035"/>
</kw>
<kw name="Open Browser" owner="SeleniumLibrary">
<msg time="2024-04-01T10:41:30.178573" level="INFO">Opening browser 'edge' to base url 'https://computer-database.gatling.io/computers/'.</msg>
<msg time="2024-04-01T10:41:30.178573" level="INFO">Browser driver log file created to: C:\Robot_Learning\ComputersDatabase4\Results\edge\nul</msg>
<arg>${WEB_URL}</arg>
<arg>${browser}</arg>
<arg>options=${option}</arg>
<arg>service_log_path=${{os.path.devnull}}</arg>
<doc>Opens a new browser instance to the optional ``url``.</doc>
<status status="PASS" start="2024-04-01T10:41:30.177568" elapsed="2.101744"/>
</kw>
<kw name="Title Should Be" owner="SeleniumLibrary">
<msg time="2024-04-01T10:41:32.290274" level="INFO">Page title is 'Computers database'.</msg>
<arg>${WEB_TITLE}</arg>
<doc>Verifies that the current page title equals ``title``.</doc>
<status status="PASS" start="2024-04-01T10:41:32.280308" elapsed="0.009966"/>
</kw>
<kw name="Maximize Browser Window" owner="SeleniumLibrary">
<doc>Maximizes current browser window.</doc>
<status status="PASS" start="2024-04-01T10:41:32.290274" elapsed="0.117024"/>
</kw>
<arg>${WEB_BROWSER}</arg>
<doc>Prepara el navegador recibido por argumento para los
tests. Concretamente, se comprueba la validez del argumento, se
preparan las opciones pertinentes, se abre el navegador a la URL,
se comprueba el titulo y se maximiza la ventana</doc>
<status status="PASS" start="2024-04-01T10:41:30.175536" elapsed="2.231762"/>
</kw>
<kw name="Go To Add New Computer" owner="Home">
<kw name="Click Link" owner="SeleniumLibrary">
<msg time="2024-04-01T10:41:32.408295" level="INFO">Clicking link 'id:add'.</msg>
<arg>${HOME_ADD_NEW}</arg>
<doc>Clicks a link identified by ``locator``.</doc>
<status status="PASS" start="2024-04-01T10:41:32.408295" elapsed="0.307606"/>
</kw>
<status status="PASS" start="2024-04-01T10:41:32.408295" elapsed="0.307606"/>
</kw>
<kw name="Create This Computer" owner="New">
<kw name="Click Button" owner="SeleniumLibrary">
<msg time="2024-04-01T10:41:32.717894" level="INFO">Clicking button 'default:Create this computer'.</msg>
<arg>${NEW_CREATE_THIS_COMPUTER}</arg>
<doc>Clicks the button identified by ``locator``.</doc>
<status status="PASS" start="2024-04-01T10:41:32.717894" elapsed="0.179433"/>
</kw>
<status status="PASS" start="2024-04-01T10:41:32.717894" elapsed="0.179433"/>
</kw>
<kw name="Verify Error Message While Creating" owner="New">
<kw name="Wait Until Page Contains" owner="SeleniumLibrary">
<arg>${NEW_ERROR_MSG}</arg>
<doc>Waits until ``text`` appears on the current page.</doc>
<status status="PASS" start="2024-04-01T10:41:32.899320" elapsed="0.129333"/>
</kw>
<status status="PASS" start="2024-04-01T10:41:32.898323" elapsed="0.130330"/>
</kw>
<kw name="Close All Browsers" owner="SeleniumLibrary" type="TEARDOWN">
<doc>Closes all open browsers and resets the browser cache.</doc>
<status status="PASS" start="2024-04-01T10:41:33.029650" elapsed="6.255865"/>
</kw>
<doc>Cargar la página y darle al botón _Add a new computer_.
Darle al botón _Create this computer_. Verificar que sale un mensaje
de error _Failed to refine type : Predicate isEmpty() did not fail_</doc>
<tag>4</tag>
<status status="PASS" start="2024-04-01T10:41:30.173537" elapsed="9.113971"/>
</test>
<test id="s1-t5" name="Create New Computer With Valid Data Should Work" line="66">
<kw name="Begin Web Test" owner="ComputersDatabaseWeb" type="SETUP">
<kw name="Should Be True" owner="BuiltIn">
<arg>'${browser}' in ['chrome', 'firefox', 'edge']</arg>
<doc>Fails if the given condition is not true.</doc>
<status status="PASS" start="2024-04-01T10:41:39.289502" elapsed="0.000996"/>
</kw>
<kw name="Set Variable If" owner="BuiltIn">
<msg time="2024-04-01T10:41:39.290498" level="INFO">${option} = add_experimental_option("excludeSwitches", ["enable-logging"])</msg>
<var>${option}</var>
<arg>'${browser}' in ['chrome', 'edge']</arg>
<arg>add_experimental_option("excludeSwitches", ["enable-logging"])</arg>
<arg>${None}</arg>
<doc>Sets variable based on the given condition.</doc>
<status status="PASS" start="2024-04-01T10:41:39.290498" elapsed="0.000000"/>
</kw>
<kw name="Open Browser" owner="SeleniumLibrary">
<msg time="2024-04-01T10:41:39.291495" level="INFO">Opening browser 'edge' to base url 'https://computer-database.gatling.io/computers/'.</msg>
<msg time="2024-04-01T10:41:39.291495" level="INFO">Browser driver log file created to: C:\Robot_Learning\ComputersDatabase4\Results\edge\nul</msg>
<arg>${WEB_URL}</arg>
<arg>${browser}</arg>
<arg>options=${option}</arg>
<arg>service_log_path=${{os.path.devnull}}</arg>
<doc>Opens a new browser instance to the optional ``url``.</doc>
<status status="PASS" start="2024-04-01T10:41:39.290498" elapsed="4.292306"/>
</kw>
<kw name="Title Should Be" owner="SeleniumLibrary">
<msg time="2024-04-01T10:41:43.593768" level="INFO">Page title is 'Computers database'.</msg>
<arg>${WEB_TITLE}</arg>
<doc>Verifies that the current page title equals ``title``.</doc>
<status status="PASS" start="2024-04-01T10:41:43.583801" elapsed="0.009967"/>
</kw>
<kw name="Maximize Browser Window" owner="SeleniumLibrary">
<doc>Maximizes current browser window.</doc>
<status status="PASS" start="2024-04-01T10:41:43.593768" elapsed="0.131560"/>
</kw>
<arg>${WEB_BROWSER}</arg>
<doc>Prepara el navegador recibido por argumento para los
tests. Concretamente, se comprueba la validez del argumento, se
preparan las opciones pertinentes, se abre el navegador a la URL,
se comprueba el titulo y se maximiza la ventana</doc>
<status status="PASS" start="2024-04-01T10:41:39.289502" elapsed="4.435826"/>
</kw>
<kw name="Go To Add New Computer" owner="Home">
<kw name="Click Link" owner="SeleniumLibrary">
<msg time="2024-04-01T10:41:43.729316" level="INFO">Clicking link 'id:add'.</msg>
<arg>${HOME_ADD_NEW}</arg>
<doc>Clicks a link identified by ``locator``.</doc>
<status status="PASS" start="2024-04-01T10:41:43.729316" elapsed="0.550091"/>
</kw>
<status status="PASS" start="2024-04-01T10:41:43.729316" elapsed="0.551087"/>
</kw>
<kw name="Fill &quot;Computer Name&quot;" owner="New">
<kw name="Input Text" owner="SeleniumLibrary">
<msg time="2024-04-01T10:41:44.282396" level="INFO">Typing text 'VAXMate' into text field 'id:name'.</msg>
<arg>${NEW_NAME_INPUT}</arg>
<arg>${value}</arg>
<doc>Types the given ``text`` into the text field identified by ``locator``.</doc>
<status status="PASS" start="2024-04-01T10:41:44.282396" elapsed="0.196287"/>
</kw>
<arg>${T5_NAME}</arg>
<status status="PASS" start="2024-04-01T10:41:44.281401" elapsed="0.198278"/>
</kw>
<kw name="Fill &quot;Introduced Date&quot;" owner="New">
<kw name="Input Text" owner="SeleniumLibrary">
<msg time="2024-04-01T10:41:44.481672" level="INFO">Typing text '1986-01-01' into text field 'id:introduced'.</msg>
<arg>${NEW_INTRODUCED_INPUT}</arg>
<arg>${value}</arg>
<doc>Types the given ``text`` into the text field identified by ``locator``.</doc>
<status status="PASS" start="2024-04-01T10:41:44.481672" elapsed="0.149184"/>
</kw>
<arg>${T5_INTRODUCED}</arg>
<status status="PASS" start="2024-04-01T10:41:44.480675" elapsed="0.150181"/>
</kw>
<kw name="Fill &quot;Discontinued Date&quot;" owner="New">
<kw name="Input Text" owner="SeleniumLibrary">
<msg time="2024-04-01T10:41:44.632850" level="INFO">Typing text '1989-01-01' into text field 'id:discontinued'.</msg>
<arg>${NEW_DISCONTINUED_INPUT}</arg>
<arg>${value}</arg>
<doc>Types the given ``text`` into the text field identified by ``locator``.</doc>
<status status="PASS" start="2024-04-01T10:41:44.632850" elapsed="0.148716"/>
</kw>
<arg>${T5_DISCONTINUED}</arg>
<status status="PASS" start="2024-04-01T10:41:44.632850" elapsed="0.148716"/>
</kw>
<kw name="Select &quot;Company&quot;" owner="New">
<kw name="Select From List By Label" owner="SeleniumLibrary">
<msg time="2024-04-01T10:41:44.784557" level="INFO">Selecting options from selection list 'id:company' by label Digital Equipment Corporation.</msg>
<arg>${NEW_COMPANY_SELECT}</arg>
<arg>${value}</arg>
<doc>Selects options from selection list ``locator`` by ``labels``.</doc>
<status status="PASS" start="2024-04-01T10:41:44.784557" elapsed="0.175931"/>
</kw>
<arg>${T5_COMPANY}</arg>
<status status="PASS" start="2024-04-01T10:41:44.783559" elapsed="0.176929"/>
</kw>
<kw name="Create This Computer" owner="New">
<kw name="Click Button" owner="SeleniumLibrary">
<msg time="2024-04-01T10:41:44.964474" level="INFO">Clicking button 'default:Create this computer'.</msg>
<arg>${NEW_CREATE_THIS_COMPUTER}</arg>
<doc>Clicks the button identified by ``locator``.</doc>
<status status="PASS" start="2024-04-01T10:41:44.964474" elapsed="0.615268"/>
</kw>
<status status="PASS" start="2024-04-01T10:41:44.963476" elapsed="0.616266"/>
</kw>
<kw name="Verify Success Message While Creating ${T5_NAME}" owner="New" source_name="Verify Success Message While Creating ${name}">
<kw name="Element Text Should Be" owner="SeleniumLibrary">
<msg time="2024-04-01T10:41:45.582731" level="INFO">Verifying element 'xpath://*[@id="main"]/div[1]' contains exact text 'Done ! Computer VAXMate has been created'.</msg>
<arg>${NEW_SUCCESS_MSG_XPATH}</arg>
<arg>Done ! Computer ${name} has been created</arg>
<doc>Verifies that element ``locator`` contains exact the text ``expected``.</doc>
<status status="PASS" start="2024-04-01T10:41:45.581734" elapsed="0.033887"/>
</kw>
<status status="PASS" start="2024-04-01T10:41:45.581734" elapsed="0.034884"/>
</kw>
<kw name="Close All Browsers" owner="SeleniumLibrary" type="TEARDOWN">
<doc>Closes all open browsers and resets the browser cache.</doc>
<status status="PASS" start="2024-04-01T10:41:45.617615" elapsed="6.626225"/>
</kw>
<doc>Cargar la página y darle al botón _Add a new computer_.
Completar valores del formulario (nombre, introduced, discontinued,
company). Darle al botón _Create this computer_. Verificar que sale
un mensaje de EXITO _Done ! Computer xxxxx has been created_</doc>
<tag>5</tag>
<status status="PASS" start="2024-04-01T10:41:39.288505" elapsed="12.957330"/>
</test>
<doc>Ejercicios de automatización de frontal con Robot Framework
- Para probar todos los navegadores, ejecutar ``run-tests.bat``</doc>
<meta name="Author">Alberto Florido</meta>
<status status="PASS" start="2024-04-01T10:40:59.213313" elapsed="53.034515"/>
</suite>
<statistics>
<total>
<stat pass="5" fail="0" skip="0">All Tests</stat>
</total>
<tag>
<stat pass="1" fail="0" skip="0">1</stat>
<stat pass="1" fail="0" skip="0">2</stat>
<stat pass="1" fail="0" skip="0">3</stat>
<stat pass="1" fail="0" skip="0">4</stat>
<stat pass="1" fail="0" skip="0">5</stat>
</tag>
<suite>
<stat pass="5" fail="0" skip="0" id="s1" name="ComputersDatabase">ComputersDatabase</stat>
</suite>
</statistics>
<errors>
</errors>
</robot>
